<?xml version="1.0" ?><testsuite name="edu.umb.cs680.hw09.apfs.APFSTest" time="0.137" timestamp="2020-12-11T23:51:39" tests="25" failures="0" skipped="0" aborted="0"><properties><property name="ant.library.dir" value="/usr/local/ant_1.10.8/lib"></property><property name="awt.toolkit" value="sun.lwawt.macosx.LWCToolkit"></property><property name="env.TERM" value="xterm-256color"></property><property name="ant.file.type" value="file"></property><property name="env.PWD" value="/Users/hitabaca/eclipse-workspace/CS680_hw09"></property><property name="java.specification.version" value="12"></property><property name="env.LANG" value="en_US.UTF-8"></property><property name="ant.project.name" value="student"></property><property name="bin" value="/Users/hitabaca/eclipse-workspace/CS680_hw09/bin"></property><property name="sun.jnu.encoding" value="UTF-8"></property><property name="java.class.path" value="/usr/local/ant_1.10.8/lib/ant-launcher.jar:/usr/local/ant_1.10.8/lib/ant-commons-net.jar:/usr/local/ant_1.10.8/lib/ant-xz.jar:/usr/local/ant_1.10.8/lib/ant-junit4.jar:/usr/local/ant_1.10.8/lib/ant-jai.jar:/usr/local/ant_1.10.8/lib/ant-apache-resolver.jar:/usr/local/ant_1.10.8/lib/ant-jdepend.jar:/usr/local/ant_1.10.8/lib/ant-apache-regexp.jar:/usr/local/ant_1.10.8/lib/ant-apache-log4j.jar:/usr/local/ant_1.10.8/lib/ant-javamail.jar:/usr/local/ant_1.10.8/lib/ant-apache-bcel.jar:/usr/local/ant_1.10.8/lib/ant.jar:/usr/local/ant_1.10.8/lib/ant-netrexx.jar:/usr/local/ant_1.10.8/lib/ant-swing.jar:/usr/local/ant_1.10.8/lib/ant-jsch.jar:/usr/local/ant_1.10.8/lib/ant-junitlauncher.jar:/usr/local/ant_1.10.8/lib/ant-junit.jar:/usr/local/ant_1.10.8/lib/ant-imageio.jar:/usr/local/ant_1.10.8/lib/ant-launcher.jar:/usr/local/ant_1.10.8/lib/ant-antlr.jar:/usr/local/ant_1.10.8/lib/ant-testutil.jar:/usr/local/ant_1.10.8/lib/ant-apache-oro.jar:/usr/local/ant_1.10.8/lib/ant-jmf.jar:/usr/local/ant_1.10.8/lib/ant-apache-xalan2.jar:/usr/local/ant_1.10.8/lib/ant-apache-bsf.jar:/usr/local/ant_1.10.8/lib/ant-commons-logging.jar"></property><property name="env.HOME" value="/Users/hitabaca"></property><property name="java.vm.vendor" value="Oracle Corporation"></property><property name="sun.arch.data.model" value="64"></property><property name="java.vendor.url" value="https://java.oracle.com/"></property><property name="env.JUNIT" value="/Applications/Eclipse_Java.app/Contents/Eclipse/plugins"></property><property name="java.vm.specification.version" value="12"></property><property name="os.name" value="Mac OS X"></property><property name="test.report" value="/Users/hitabaca/eclipse-workspace/CS680_hw09/test/report"></property><property name="test.src" value="/Users/hitabaca/eclipse-workspace/CS680_hw09/test/src"></property><property name="user.country" value="US"></property><property name="sun.java.launcher" value="SUN_STANDARD"></property><property name="sun.boot.library.path" value="/Library/Java/JavaVirtualMachines/jdk-12.0.2.jdk/Contents/Home/lib"></property><property name="sun.java.command" value="org.apache.tools.ant.launch.Launcher -cp  -f hw09.xml"></property><property name="http.nonProxyHosts" value="local|*.local|169.254/16|*.169.254/16"></property><property name="jdk.debug" value="release"></property><property name="sun.cpu.endian" value="little"></property><property name="user.home" value="/Users/hitabaca"></property><property name="user.language" value="en"></property><property name="java.specification.vendor" value="Oracle Corporation"></property><property name="env.JAVA_MAIN_CLASS_91173" value="org.apache.tools.ant.launch.Launcher"></property><property name="java.version.date" value="2019-07-16"></property><property name="env.JAVA_HOME" value="/Library/Java/JavaVirtualMachines/jdk-12.0.2.jdk/Contents/Home"></property><property name="java.home" value="/Library/Java/JavaVirtualMachines/jdk-12.0.2.jdk/Contents/Home"></property><property name="basedir" value="/Users/hitabaca/eclipse-workspace/CS680_hw09"></property><property name="file.separator" value="/"></property><property name="java.vm.compressedOopsMode" value="Zero based"></property><property name="line.separator" value="
"></property><property name="ant.java.version" value="12"></property><property name="java.vm.specification.vendor" value="Oracle Corporation"></property><property name="java.specification.name" value="Java Platform API Specification"></property><property name="java.awt.graphicsenv" value="sun.awt.CGraphicsEnvironment"></property><property name="env.TOMCAT" value="/usr/local/apache-tomcat-9.0.33"></property><property name="test.bin" value="/Users/hitabaca/eclipse-workspace/CS680_hw09/test/bin"></property><property name="env.ANT_HOME" value="/usr/local/ant_1.10.8"></property><property name="env.XPC_SERVICE_NAME" value="0"></property><property name="ant.file.type.student" value="file"></property><property name="sun.management.compiler" value="HotSpot 64-Bit Tiered Compilers"></property><property name="ftp.nonProxyHosts" value="local|*.local|169.254/16|*.169.254/16"></property><property name="java.runtime.version" value="12.0.2+10"></property><property name="env.TERM_PROGRAM_VERSION" value="440"></property><property name="user.name" value="hitabaca"></property><property name="ant.file" value="/Users/hitabaca/eclipse-workspace/CS680_hw09/hw09.xml"></property><property name="env.PATH" value="/usr/local/apache-tomcat-9.0.33/bin:/usr/local/ant_1.10.8/bin:/Library/Frameworks/Python.framework/Versions/3.8/bin:/usr/local/bin:/usr/bin:/bin:/usr/sbin:/sbin:/Applications/VMware Fusion.app/Contents/Public:/Library/TeX/texbin:/Applications/Racket v7.1/bin:/usr/local/share/dotnet:~/.dotnet/tools:/Library/Apple/usr/bin:/Library/Frameworks/Mono.framework/Versions/Current/Commands:/Applications/Postgres.app/Contents/Versions/latest/bin"></property><property name="path.separator" value=":"></property><property name="os.version" value="10.16"></property><property name="env.LOGNAME" value="hitabaca"></property><property name="env.XPC_FLAGS" value="0x0"></property><property name="java.runtime.name" value="Java(TM) SE Runtime Environment"></property><property name="env.__CF_USER_TEXT_ENCODING" value="0x1F5:0x0:0x0"></property><property name="env.__CFBundleIdentifier" value="com.apple.Terminal"></property><property name="file.encoding" value="UTF-8"></property><property name="ant.project.invoked-targets" value="clean"></property><property name="java.vm.name" value="Java HotSpot(TM) 64-Bit Server VM"></property><property name="env.TERM_SESSION_ID" value="89789C19-2EE5-4055-A747-F04AC4AFA3CD"></property><property name="env.SHELL" value="/bin/bash"></property><property name="env.SHLVL" value="1"></property><property name="ant.core.lib" value="/usr/local/ant_1.10.8/lib/ant.jar"></property><property name="java.vendor.url.bug" value="https://bugreport.java.com/bugreport/"></property><property name="java.io.tmpdir" value="/var/folders/53/pzw_tnxx0d91bfvs0vhg97cc0000gn/T/"></property><property name="java.version" value="12.0.2"></property><property name="src" value="/Users/hitabaca/eclipse-workspace/CS680_hw09/src"></property><property name="user.dir" value="/Users/hitabaca/eclipse-workspace/CS680_hw09"></property><property name="os.arch" value="x86_64"></property><property name="env.SSH_AUTH_SOCK" value="/private/tmp/com.apple.launchd.44Bd1ves0D/Listeners"></property><property name="java.vm.specification.name" value="Java Virtual Machine Specification"></property><property name="ant.home" value="/usr/local/ant_1.10.8"></property><property name="ant.file.student" value="/Users/hitabaca/eclipse-workspace/CS680_hw09/hw09.xml"></property><property name="ant.version" value="Apache Ant(TM) version 1.10.8 compiled on May 10 2020"></property><property name="java.library.path" value="/Users/hitabaca/Library/Java/Extensions:/Library/Java/Extensions:/Network/Library/Java/Extensions:/System/Library/Java/Extensions:/usr/lib/java:."></property><property name="env.TMPDIR" value="/var/folders/53/pzw_tnxx0d91bfvs0vhg97cc0000gn/T/"></property><property name="java.vendor" value="Oracle Corporation"></property><property name="java.vm.info" value="mixed mode, sharing"></property><property name="java.vm.version" value="12.0.2+10"></property><property name="sun.io.unicode.encoding" value="UnicodeBig"></property><property name="env.USER" value="hitabaca"></property><property name="java.class.version" value="56.0"></property><property name="socksNonProxyHosts" value="local|*.local|169.254/16|*.169.254/16"></property><property name="env.TERM_PROGRAM" value="Apple_Terminal"></property><property name="ant.project.default-target" value="clean"></property></properties><testcase classname="edu.umb.cs680.hw09.apfs.APFSTest" name="verify_children_of_applications_directory()" time="0.001"></testcase><testcase classname="edu.umb.cs680.hw09.apfs.APFSTest" name="verify_File_a_and_b_are_a_children_of_applications_directory()" time="0.001"></testcase><testcase classname="edu.umb.cs680.hw09.apfs.APFSTest" name="verify_subdirectories_of_home_directory()" time="0.0"></testcase><testcase classname="edu.umb.cs680.hw09.apfs.APFSTest" name="verifygetterMethodsOfHomeDirectory()" time="0.001"></testcase><testcase classname="edu.umb.cs680.hw09.apfs.APFSTest" name="checking_the_target_of_link_x()" time="0.0"></testcase><testcase classname="edu.umb.cs680.hw09.apfs.APFSTest" name="verifygetterMethodsOfCodeDirectory()" time="0.001"></testcase><testcase classname="edu.umb.cs680.hw09.apfs.APFSTest" name="verify_files_of_code_directory()" time="0.0"></testcase><testcase classname="edu.umb.cs680.hw09.apfs.APFSTest" name="checking_total_size_of_home()" time="0.001"></testcase><testcase classname="edu.umb.cs680.hw09.apfs.APFSTest" name="checking_total_size_of_root()" time="0.001"></testcase><testcase classname="edu.umb.cs680.hw09.apfs.APFSTest" name="verify_children_of_code_directory()" time="0.0"></testcase><testcase classname="edu.umb.cs680.hw09.apfs.APFSTest" name="verify_File_c_and_d_are_a_children_of_home_directory()" time="0.0"></testcase><testcase classname="edu.umb.cs680.hw09.apfs.APFSTest" name="checking_total_size_of_code()" time="0.0"></testcase><testcase classname="edu.umb.cs680.hw09.apfs.APFSTest" name="checking_the_singleton_of_APFS_class()" time="0.001"></testcase><testcase classname="edu.umb.cs680.hw09.apfs.APFSTest" name="verifygetterMethodsOfRootDirectory()" time="0.015"></testcase><testcase classname="edu.umb.cs680.hw09.apfs.APFSTest" name="checkInstanceOfFSElement()" time="0.0"></testcase><testcase classname="edu.umb.cs680.hw09.apfs.APFSTest" name="verify_files_of_home_directory()" time="0.001"></testcase><testcase classname="edu.umb.cs680.hw09.apfs.APFSTest" name="checkInstanceOfDirectory()" time="0.0"></testcase><testcase classname="edu.umb.cs680.hw09.apfs.APFSTest" name="checking_the_target_of_link_y()" time="0.0"></testcase><testcase classname="edu.umb.cs680.hw09.apfs.APFSTest" name="checking_the_init_APFS()" time="0.0"></testcase><testcase classname="edu.umb.cs680.hw09.apfs.APFSTest" name="verify_children_of_home_directory()" time="0.0"></testcase><testcase classname="edu.umb.cs680.hw09.apfs.APFSTest" name="verify_File_e_and_f_are_a_children_of_code_directory()" time="0.001"></testcase><testcase classname="edu.umb.cs680.hw09.apfs.APFSTest" name="checkInstanceOfFile()" time="0.001"></testcase><testcase classname="edu.umb.cs680.hw09.apfs.APFSTest" name="checking_limit_characters_of_a_file_Name()" time="0.0"></testcase><testcase classname="edu.umb.cs680.hw09.apfs.APFSTest" name="checking_total_size_of_applications()" time="0.0"></testcase><testcase classname="edu.umb.cs680.hw09.apfs.APFSTest" name="verify_directory_home_and_applications_are_a_children_of_root_directory()" time="0.001"></testcase></testsuite>